#
# A fatal error has been detected by the Java Runtime Environment:
#
#  SIGSEGV (0xb) at pc=0x0000000108a5ee58, pid=558, tid=14851
#
# JRE version: 7.0_21-b12
# Java VM: Java HotSpot(TM) 64-Bit Server VM (23.21-b01 mixed mode bsd-amd64 compressed oops)
# Problematic frame:
# V  [libjvm.dylib+0x25ee58]
#
# Failed to write core dump. Core dumps have been disabled. To enable core dumping, try "ulimit -c unlimited" before starting Java again
#
# If you would like to submit a bug report, please visit:
#   http://bugreport.sun.com/bugreport/crash.jsp
#

---------------  T H R E A D  ---------------

Current thread (0x00007f8649868800):  JavaThread "JDWP Transport Listener: dt_socket" daemon [_thread_in_vm, id=14851, stack(0x000000010cd08000,0x000000010ce08000)]

siginfo:si_signo=SIGSEGV: si_errno=0, si_code=1 (SEGV_MAPERR), si_addr=0x000000000000000c

Registers:
RAX=0x0000000000000000, RBX=0x00000007e80fc750, RCX=0x000000000000000c, RDX=0x0000000000000000
RSP=0x000000010ce07a50, RBP=0x000000010ce07a50, RSI=0x00007f86495125e0, RDI=0x00000007e80fc750
R8 =0x0000000000000018, R9 =0x00007f8649600000, R10=0x0000000000040405, R11=0xffff807ac38eb200
R12=0x00007f8649868800, R13=0x00007f864951ffb0, R14=0x0000000000000000, R15=0x0000000000000000
RIP=0x0000000108a5ee58, EFLAGS=0x0000000000010202, ERR=0x0000000000000004
  TRAPNO=0x000000000000000e

Top of Stack: (sp=0x000000010ce07a50)
0x000000010ce07a50:   000000010ce07a80 0000000108a8f592
0x000000010ce07a60:   0000000000000000 0000000000000000
0x000000010ce07a70:   00000007e80fc750 00007f86498689d8
0x000000010ce07a80:   000000010ce07af0 0000000108a9ed89
0x000000010ce07a90:   00007f8649868800 00007f8649868800
0x000000010ce07aa0:   0000000000000000 0000000000000000
0x000000010ce07ab0:   00007f86498689d8 00007f8649868800
0x000000010ce07ac0:   00007f8649868800 000000010ce07b48
0x000000010ce07ad0:   00007f86495125e0 00007f864951ffb0
0x000000010ce07ae0:   000000010ce07cd0 00007f86498689d8
0x000000010ce07af0:   000000010ce07b20 00000001092e065e
0x000000010ce07b00:   000000010ce07cd0 0000000109300da4
0x000000010ce07b10:   000000010ce07b48 000000010930c568
0x000000010ce07b20:   000000010ce07d40 00000001092e775e
0x000000010ce07b30:   000001fd00000013 0000000000010a00
0x000000010ce07b40:   00007f864951c8b0 000000010ce07b98
0x000000010ce07b50:   00007f860000012c 000000010ce07b60
0x000000010ce07b60:   00007f8600000000 000000010ce07b98
0x000000010ce07b70:   0000000000000000 0000000000000000
0x000000010ce07b80:   000001fd00000014 00007fff00005e80
0x000000010ce07b90:   000000010ce07b98 0000000000000001
0x000000010ce07ba0:   0000000104000bb5 7f00009401000000
0x000000010ce07bb0:   00000000fb514986 040000ad00000000
0x000000010ce07bc0:   00000000090c0000 5902000009000000
0x000000010ce07bd0:   0e00000000000000 00fd51495a020000
0x000000010ce07be0:   6972657310000000 6f69737265566c61
0x000000010ce07bf0:   010000004449556e 000000000000004a
0x000000010ce07c00:   fe5149867f00001a 72657316000000b0
0x000000010ce07c10:   69737265506c6169 656946746e657473
0x000000010ce07c20:   5b1c00000073646c 6f692f6176616a4c
0x000000010ce07c30:   537463656a624f2f 6569466d61657274
0x000000010ce07c40:   00000000003b646c 49867f00001a0000 

Instructions: (pc=0x0000000108a5ee58)
0x0000000108a5ee38:   eb 16 48 8d 35 ff 57 45 00 8a 4e 08 48 d3 e2 48
0x0000000108a5ee48:   03 16 eb 04 48 8b 14 0f 84 c0 0f 94 c0 0f b6 c0
0x0000000108a5ee58:   8b 44 82 0c 5d c3 8b 04 07 5d c3 90 55 48 89 e5
0x0000000108a5ee68:   48 83 ec 10 48 83 ce 01 48 89 75 f0 8b 47 68 8b 

Register to memory mapping:

RAX=0x0000000000000000 is an unknown value
RBX=
[error occurred during error reporting (printing register info), id 0xb]

Stack: [0x000000010cd08000,0x000000010ce08000],  sp=0x000000010ce07a50,  free space=1022k
Native frames: (J=compiled Java code, j=interpreted, Vv=VM code, C=native code)
V  [libjvm.dylib+0x25ee58]
V  [libjvm.dylib+0x28f592]
V  [libjvm.dylib+0x29ed89]
C  [libjdwp.dylib+0x765e]  value+0x96
C  [libjdwp.dylib+0xe75e]  debugLoop_run+0x1ce
C  [libjdwp.dylib+0x1f1ba]  attachThread+0x4d
V  [libjvm.dylib+0x30bc02]
V  [libjvm.dylib+0x479af4]
V  [libjvm.dylib+0x47afda]
V  [libjvm.dylib+0x3b688d]
C  [libsystem_pthread.dylib+0x1899]  _pthread_body+0x8a
C  [libsystem_pthread.dylib+0x172a]  _pthread_struct_init+0x0
C  [libsystem_pthread.dylib+0x5fc9]  thread_start+0xd


---------------  P R O C E S S  ---------------

Java Threads: ( => current thread )
  0x00007f864b001800 JavaThread "Service Thread" daemon [_thread_blocked, id=16131, stack(0x000000010d217000,0x000000010d317000)]
  0x00007f864b001000 JavaThread "C2 CompilerThread1" daemon [_thread_blocked, id=15875, stack(0x000000010d114000,0x000000010d214000)]
  0x00007f864b000000 JavaThread "C2 CompilerThread0" daemon [_thread_blocked, id=15619, stack(0x000000010d011000,0x000000010d111000)]
  0x00007f8649869800 JavaThread "JDWP Command Reader" daemon [_thread_in_native, id=15363, stack(0x000000010cf0e000,0x000000010d00e000)]
  0x00007f8649867800 JavaThread "JDWP Event Helper Thread" daemon [_thread_blocked, id=15107, stack(0x000000010ce0b000,0x000000010cf0b000)]
=>0x00007f8649868800 JavaThread "JDWP Transport Listener: dt_socket" daemon [_thread_in_vm, id=14851, stack(0x000000010cd08000,0x000000010ce08000)]
  0x00007f8649867000 JavaThread "Signal Dispatcher" daemon [_thread_blocked, id=14595, stack(0x000000010cbff000,0x000000010ccff000)]
  0x00007f864a805000 JavaThread "Finalizer" daemon [_thread_blocked, id=9731, stack(0x000000010c9b0000,0x000000010cab0000)]
  0x00007f864a804800 JavaThread "Reference Handler" daemon [_thread_blocked, id=9475, stack(0x000000010c8ad000,0x000000010c9ad000)]
  0x00007f864980c000 JavaThread "main" [_thread_blocked, id=5891, stack(0x0000000107ed3000,0x0000000107fd3000)]

Other Threads:
  0x00007f864a004000 VMThread [stack: 0x000000010c7aa000,0x000000010c8aa000] [id=9219]
  0x00007f864b013800 WatcherThread [stack: 0x000000010d31a000,0x000000010d41a000] [id=16387]

VM state:not at safepoint (normal execution)

VM Mutex/Monitor currently owned by a thread: None

Heap
 def new generation   total 5760K, used 1056K [0x00000007e8000000, 0x00000007e8640000, 0x00000007ee4a0000)
  eden space 5120K,  20% used [0x00000007e8000000, 0x00000007e81083e0, 0x00000007e8500000)
  from space 640K,   0% used [0x00000007e8500000, 0x00000007e8500000, 0x00000007e85a0000)
  to   space 640K,   0% used [0x00000007e85a0000, 0x00000007e85a0000, 0x00000007e8640000)
 tenured generation   total 12928K, used 0K [0x00000007ee4a0000, 0x00000007ef140000, 0x00000007fae00000)
   the space 12928K,   0% used [0x00000007ee4a0000, 0x00000007ee4a0000, 0x00000007ee4a0200, 0x00000007ef140000)
 compacting perm gen  total 21248K, used 2695K [0x00000007fae00000, 0x00000007fc2c0000, 0x0000000800000000)
   the space 21248K,  12% used [0x00000007fae00000, 0x00000007fb0a1d70, 0x00000007fb0a1e00, 0x00000007fc2c0000)
No shared spaces configured.

Card table byte_map: [0x000000010c3d6000,0x000000010c497000] byte_map_base: 0x0000000108496000

Polling page: 0x0000000107fe2000

Code Cache  [0x0000000109316000, 0x0000000109586000, 0x000000010c316000)
 total_blobs=178 nmethods=5 adapters=134 free_code_cache=48767Kb largest_free_block=49920384

Compilation events (10 events):
Event: 0.214 Thread 0x00007f864b000000    1             java.lang.String::hashCode (55 bytes)
Event: 0.234 Thread 0x00007f864b000000 nmethod 1 0x0000000109375790 code [0x00000001093758e0, 0x0000000109375a98]
Event: 0.240 Thread 0x00007f864b001000    2             sun.nio.cs.US_ASCII$Encoder::encode (107 bytes)
Event: 0.245 Thread 0x00007f864b001000 nmethod 2 0x0000000109374fd0 code [0x0000000109375140, 0x00000001093754b8]
Event: 0.248 Thread 0x00007f864b000000    3             java.lang.String::charAt (29 bytes)
Event: 0.248 Thread 0x00007f864b001000    4             java.lang.String::indexOf (70 bytes)
Event: 0.255 Thread 0x00007f864b000000 nmethod 3 0x0000000109374c90 code [0x0000000109374de0, 0x0000000109374ed8]
Event: 0.256 Thread 0x00007f864b001000 nmethod 4 0x0000000109374850 code [0x00000001093749a0, 0x0000000109374b88]
Event: 0.261 Thread 0x00007f864b000000    5             java.io.UnixFileSystem::normalize (75 bytes)
Event: 0.268 Thread 0x00007f864b000000 nmethod 5 0x0000000109378650 code [0x00000001093787c0, 0x0000000109378a98]

GC Heap History (0 events):
No events

Deoptimization events (0 events):
No events

Internal exceptions (10 events):
Event: 0.230 Thread 0x00007f864980c000 Threw 0x00000007e80bf530 at /HUDSON/workspace/jdk7u21-2-build-macosx-amd64-product/jdk7u21/hotspot/src/share/vm/prims/jni.cpp:716
Event: 0.230 Thread 0x00007f864980c000 Threw 0x00000007e80bf650 at /HUDSON/workspace/jdk7u21-2-build-macosx-amd64-product/jdk7u21/hotspot/src/share/vm/prims/jvm.cpp:1166
Event: 0.236 Thread 0x00007f864980c000 Threw 0x00000007e80bf778 at /HUDSON/workspace/jdk7u21-2-build-macosx-amd64-product/jdk7u21/hotspot/src/share/vm/prims/jvm.cpp:1166
Event: 0.238 Thread 0x00007f864980c000 Threw 0x00000007e80c0210 at /HUDSON/workspace/jdk7u21-2-build-macosx-amd64-product/jdk7u21/hotspot/src/share/vm/prims/jni.cpp:716
Event: 0.238 Thread 0x00007f864980c000 Threw 0x00000007e80c0330 at /HUDSON/workspace/jdk7u21-2-build-macosx-amd64-product/jdk7u21/hotspot/src/share/vm/prims/jvm.cpp:1166
Event: 0.238 Thread 0x00007f864980c000 Threw 0x00000007e80c0458 at /HUDSON/workspace/jdk7u21-2-build-macosx-amd64-product/jdk7u21/hotspot/src/share/vm/prims/jvm.cpp:1166
Event: 0.245 Thread 0x00007f864980c000 Threw 0x00000007e80d2448 at /HUDSON/workspace/jdk7u21-2-build-macosx-amd64-product/jdk7u21/hotspot/src/share/vm/prims/jni.cpp:716
Event: 0.246 Thread 0x00007f864980c000 Threw 0x00000007e80d2568 at /HUDSON/workspace/jdk7u21-2-build-macosx-amd64-product/jdk7u21/hotspot/src/share/vm/prims/jvm.cpp:1166
Event: 0.246 Thread 0x00007f864980c000 Threw 0x00000007e80d2690 at /HUDSON/workspace/jdk7u21-2-build-macosx-amd64-product/jdk7u21/hotspot/src/share/vm/prims/jvm.cpp:1166
Event: 0.246 Thread 0x00007f864980c000 Threw 0x00000007e80d28e0 at /HUDSON/workspace/jdk7u21-2-build-macosx-amd64-product/jdk7u21/hotspot/src/share/vm/prims/jvm.cpp:1166

Events (10 events):
Event: 40.525 Executing VM operation: GetCurrentLocation
Event: 40.525 Executing VM operation: GetCurrentLocation done
Event: 40.525 Executing VM operation: ChangeSingleStep
Event: 40.525 Executing VM operation: ChangeSingleStep done
Event: 40.526 Executing VM operation: ForceSafepoint
Event: 40.526 Executing VM operation: ForceSafepoint done
Event: 40.527 Executing VM operation: ChangeSingleStep
Event: 40.527 Executing VM operation: ChangeSingleStep done
Event: 40.686 Executing VM operation: GetOrSetLocal
Event: 40.686 Executing VM operation: GetOrSetLocal done


Dynamic libraries:
0x0000000006397000 	/System/Library/Frameworks/Cocoa.framework/Versions/A/Cocoa
0x0000000006397000 	/System/Library/Frameworks/Security.framework/Versions/A/Security
0x0000000006397000 	/System/Library/Frameworks/ApplicationServices.framework/Versions/A/ApplicationServices
0x0000000006397000 	/usr/lib/libz.1.dylib
0x0000000006397000 	/usr/lib/libSystem.B.dylib
0x0000000006397000 	/usr/lib/libobjc.A.dylib
0x0000000006397000 	/System/Library/Frameworks/CoreFoundation.framework/Versions/A/CoreFoundation
0x0000000006397000 	/System/Library/Frameworks/AppKit.framework/Versions/C/AppKit
0x0000000006397000 	/System/Library/Frameworks/CoreData.framework/Versions/A/CoreData
0x0000000006397000 	/System/Library/Frameworks/Foundation.framework/Versions/C/Foundation
0x0000000006397000 	/System/Library/PrivateFrameworks/RemoteViewServices.framework/Versions/A/RemoteViewServices
0x0000000006397000 	/System/Library/Frameworks/AudioToolbox.framework/Versions/A/AudioToolbox
0x0000000006397000 	/System/Library/Frameworks/AudioUnit.framework/Versions/A/AudioUnit
0x0000000006397000 	/System/Library/PrivateFrameworks/DataDetectorsCore.framework/Versions/A/DataDetectorsCore
0x0000000006397000 	/System/Library/PrivateFrameworks/DesktopServicesPriv.framework/Versions/A/DesktopServicesPriv
0x0000000006397000 	/System/Library/Frameworks/Carbon.framework/Versions/A/Frameworks/HIToolbox.framework/Versions/A/HIToolbox
0x0000000006397000 	/System/Library/Frameworks/QuartzCore.framework/Versions/A/QuartzCore
0x0000000006397000 	/System/Library/Frameworks/Carbon.framework/Versions/A/Frameworks/SpeechRecognition.framework/Versions/A/SpeechRecognition
0x0000000006397000 	/usr/lib/libauto.dylib
0x0000000006397000 	/usr/lib/libicucore.A.dylib
0x0000000006397000 	/usr/lib/libxml2.2.dylib
0x0000000006397000 	/System/Library/PrivateFrameworks/CoreUI.framework/Versions/A/CoreUI
0x0000000006397000 	/System/Library/Frameworks/CoreAudio.framework/Versions/A/CoreAudio
0x0000000006397000 	/System/Library/Frameworks/DiskArbitration.framework/Versions/A/DiskArbitration
0x0000000006397000 	/usr/lib/liblangid.dylib
0x0000000006397000 	/System/Library/PrivateFrameworks/MultitouchSupport.framework/Versions/A/MultitouchSupport
0x0000000006397000 	/System/Library/Frameworks/IOKit.framework/Versions/A/IOKit
0x0000000006397000 	/usr/lib/libDiagnosticMessagesClient.dylib
0x0000000006397000 	/System/Library/Frameworks/CoreServices.framework/Versions/A/CoreServices
0x0000000006397000 	/System/Library/PrivateFrameworks/PerformanceAnalysis.framework/Versions/A/PerformanceAnalysis
0x0000000006397000 	/System/Library/PrivateFrameworks/GenerationalStorage.framework/Versions/A/GenerationalStorage
0x0000000006397000 	/System/Library/Frameworks/OpenGL.framework/Versions/A/OpenGL
0x0000000006397000 	/System/Library/PrivateFrameworks/Sharing.framework/Versions/A/Sharing
0x0000000006397000 	/System/Library/Frameworks/ImageIO.framework/Versions/A/ImageIO
0x0000000006397000 	/System/Library/Frameworks/CoreText.framework/Versions/A/CoreText
0x0000000006397000 	/System/Library/Frameworks/CoreGraphics.framework/Versions/A/CoreGraphics
0x0000000006397000 	/System/Library/PrivateFrameworks/Backup.framework/Versions/A/Backup
0x0000000006397000 	/System/Library/Frameworks/CFNetwork.framework/Versions/A/CFNetwork
0x0000000006397000 	/System/Library/Frameworks/SystemConfiguration.framework/Versions/A/SystemConfiguration
0x0000000006397000 	/usr/lib/libCRFSuite.dylib
0x0000000006397000 	/usr/lib/libc++.1.dylib
0x0000000006397000 	/usr/lib/libc++abi.dylib
0x0000000006397000 	/usr/lib/system/libcache.dylib
0x0000000006397000 	/usr/lib/system/libcommonCrypto.dylib
0x0000000006397000 	/usr/lib/system/libcompiler_rt.dylib
0x0000000006397000 	/usr/lib/system/libcopyfile.dylib
0x0000000006397000 	/usr/lib/system/libcorecrypto.dylib
0x0000000006397000 	/usr/lib/system/libdispatch.dylib
0x0000000006397000 	/usr/lib/system/libdyld.dylib
0x0000000006397000 	/usr/lib/system/libkeymgr.dylib
0x0000000006397000 	/usr/lib/system/liblaunch.dylib
0x0000000006397000 	/usr/lib/system/libmacho.dylib
0x0000000006397000 	/usr/lib/system/libquarantine.dylib
0x0000000006397000 	/usr/lib/system/libremovefile.dylib
0x0000000006397000 	/usr/lib/system/libsystem_asl.dylib
0x0000000006397000 	/usr/lib/system/libsystem_blocks.dylib
0x0000000006397000 	/usr/lib/system/libsystem_c.dylib
0x0000000006397000 	/usr/lib/system/libsystem_configuration.dylib
0x0000000006397000 	/usr/lib/system/libsystem_dnssd.dylib
0x0000000006397000 	/usr/lib/system/libsystem_info.dylib
0x0000000006397000 	/usr/lib/system/libsystem_kernel.dylib
0x0000000006397000 	/usr/lib/system/libsystem_m.dylib
0x0000000006397000 	/usr/lib/system/libsystem_malloc.dylib
0x0000000006397000 	/usr/lib/system/libsystem_network.dylib
0x0000000006397000 	/usr/lib/system/libsystem_notify.dylib
0x0000000006397000 	/usr/lib/system/libsystem_platform.dylib
0x0000000006397000 	/usr/lib/system/libsystem_pthread.dylib
0x0000000006397000 	/usr/lib/system/libsystem_sandbox.dylib
0x0000000006397000 	/usr/lib/system/libsystem_stats.dylib
0x0000000006397000 	/usr/lib/system/libunc.dylib
0x0000000006397000 	/usr/lib/system/libunwind.dylib
0x0000000006397000 	/usr/lib/system/libxpc.dylib
0x0000000006397000 	/usr/lib/libbsm.0.dylib
0x0000000006397000 	/usr/lib/libsqlite3.dylib
0x0000000006397000 	/usr/lib/libxar.1.dylib
0x0000000006397000 	/usr/lib/libpam.2.dylib
0x0000000006397000 	/usr/lib/libOpenScriptingUtil.dylib
0x0000000006397000 	/usr/lib/libbz2.1.0.dylib
0x0000000006397000 	/System/Library/Frameworks/CoreServices.framework/Versions/A/Frameworks/CarbonCore.framework/Versions/A/CarbonCore
0x0000000006397000 	/System/Library/Frameworks/CoreServices.framework/Versions/A/Frameworks/Metadata.framework/Versions/A/Metadata
0x0000000006397000 	/System/Library/Frameworks/CoreServices.framework/Versions/A/Frameworks/OSServices.framework/Versions/A/OSServices
0x0000000006397000 	/System/Library/Frameworks/CoreServices.framework/Versions/A/Frameworks/SearchKit.framework/Versions/A/SearchKit
0x0000000006397000 	/System/Library/Frameworks/CoreServices.framework/Versions/A/Frameworks/AE.framework/Versions/A/AE
0x0000000006397000 	/System/Library/Frameworks/CoreServices.framework/Versions/A/Frameworks/LaunchServices.framework/Versions/A/LaunchServices
0x0000000006397000 	/System/Library/Frameworks/CoreServices.framework/Versions/A/Frameworks/DictionaryServices.framework/Versions/A/DictionaryServices
0x0000000006397000 	/System/Library/Frameworks/NetFS.framework/Versions/A/NetFS
0x0000000006397000 	/usr/lib/system/libkxld.dylib
0x0000000006397000 	/System/Library/PrivateFrameworks/NetAuth.framework/Versions/A/NetAuth
0x0000000006397000 	/System/Library/PrivateFrameworks/TCC.framework/Versions/A/TCC
0x0000000006397000 	/System/Library/Frameworks/OpenDirectory.framework/Versions/A/Frameworks/CFOpenDirectory.framework/Versions/A/CFOpenDirectory
0x0000000006397000 	/System/Library/Frameworks/ServiceManagement.framework/Versions/A/ServiceManagement
0x0000000006397000 	/usr/lib/libxslt.1.dylib
0x0000000006397000 	/System/Library/Frameworks/Carbon.framework/Versions/A/Frameworks/Ink.framework/Versions/A/Ink
0x0000000006397000 	/System/Library/Frameworks/ApplicationServices.framework/Versions/A/Frameworks/ATS.framework/Versions/A/ATS
0x0000000006397000 	/System/Library/Frameworks/ApplicationServices.framework/Versions/A/Frameworks/ColorSync.framework/Versions/A/ColorSync
0x0000000006397000 	/System/Library/Frameworks/ApplicationServices.framework/Versions/A/Frameworks/HIServices.framework/Versions/A/HIServices
0x0000000006397000 	/System/Library/Frameworks/ApplicationServices.framework/Versions/A/Frameworks/LangAnalysis.framework/Versions/A/LangAnalysis
0x0000000006397000 	/System/Library/Frameworks/ApplicationServices.framework/Versions/A/Frameworks/PrintCore.framework/Versions/A/PrintCore
0x0000000006397000 	/System/Library/Frameworks/ApplicationServices.framework/Versions/A/Frameworks/QD.framework/Versions/A/QD
0x0000000006397000 	/System/Library/Frameworks/ApplicationServices.framework/Versions/A/Frameworks/SpeechSynthesis.framework/Versions/A/SpeechSynthesis
0x0000000006397000 	/System/Library/Frameworks/IOSurface.framework/Versions/A/IOSurface
0x0000000006397000 	/System/Library/Frameworks/Accelerate.framework/Versions/A/Accelerate
0x0000000006397000 	/System/Library/Frameworks/Accelerate.framework/Versions/A/Frameworks/vImage.framework/Versions/A/vImage
0x0000000006397000 	/System/Library/Frameworks/Accelerate.framework/Versions/A/Frameworks/vecLib.framework/Versions/A/vecLib
0x0000000006397000 	/System/Library/Frameworks/Accelerate.framework/Versions/A/Frameworks/vecLib.framework/Versions/A/libvDSP.dylib
0x0000000006397000 	/System/Library/Frameworks/Accelerate.framework/Versions/A/Frameworks/vecLib.framework/Versions/A/libvMisc.dylib
0x0000000006397000 	/System/Library/Frameworks/Accelerate.framework/Versions/A/Frameworks/vecLib.framework/Versions/A/libLAPACK.dylib
0x0000000006397000 	/System/Library/Frameworks/Accelerate.framework/Versions/A/Frameworks/vecLib.framework/Versions/A/libBLAS.dylib
0x0000000006397000 	/System/Library/Frameworks/ApplicationServices.framework/Versions/A/Frameworks/ATS.framework/Versions/A/Resources/libFontParser.dylib
0x0000000006397000 	/System/Library/Frameworks/ApplicationServices.framework/Versions/A/Frameworks/ATS.framework/Versions/A/Resources/libFontRegistry.dylib
0x0000000006397000 	/System/Library/Frameworks/ImageIO.framework/Versions/A/Resources/libJPEG.dylib
0x0000000006397000 	/System/Library/Frameworks/ImageIO.framework/Versions/A/Resources/libTIFF.dylib
0x0000000006397000 	/System/Library/Frameworks/ImageIO.framework/Versions/A/Resources/libPng.dylib
0x0000000006397000 	/System/Library/Frameworks/ImageIO.framework/Versions/A/Resources/libGIF.dylib
0x0000000006397000 	/System/Library/Frameworks/ImageIO.framework/Versions/A/Resources/libJP2.dylib
0x0000000006397000 	/System/Library/Frameworks/ImageIO.framework/Versions/A/Resources/libRadiance.dylib
0x0000000006397000 	/usr/lib/libcups.2.dylib
0x0000000006397000 	/System/Library/Frameworks/Kerberos.framework/Versions/A/Kerberos
0x0000000006397000 	/System/Library/Frameworks/GSS.framework/Versions/A/GSS
0x0000000006397000 	/usr/lib/libresolv.9.dylib
0x0000000006397000 	/usr/lib/libiconv.2.dylib
0x0000000006397000 	/System/Library/PrivateFrameworks/Heimdal.framework/Versions/A/Heimdal
0x0000000006397000 	/System/Library/PrivateFrameworks/TrustEvaluationAgent.framework/Versions/A/TrustEvaluationAgent
0x0000000006397000 	/usr/lib/libheimdal-asn1.dylib
0x0000000006397000 	/System/Library/Frameworks/OpenDirectory.framework/Versions/A/OpenDirectory
0x0000000006397000 	/System/Library/PrivateFrameworks/CommonAuth.framework/Versions/A/CommonAuth
0x0000000006397000 	/System/Library/Frameworks/SecurityFoundation.framework/Versions/A/SecurityFoundation
0x0000000006397000 	/System/Library/PrivateFrameworks/Bom.framework/Versions/A/Bom
0x0000000006397000 	/System/Library/Frameworks/CoreVideo.framework/Versions/A/CoreVideo
0x0000000006397000 	/System/Library/Frameworks/QuartzCore.framework/Versions/A/Frameworks/CoreImage.framework/Versions/A/CoreImage
0x0000000006397000 	/System/Library/Frameworks/QuartzCore.framework/Versions/A/Frameworks/ScalableUserInterface.framework/Versions/A/ScalableUserInterface
0x0000000006397000 	/System/Library/Frameworks/OpenGL.framework/Versions/A/Libraries/libGLU.dylib
0x0000000006397000 	/System/Library/Frameworks/OpenGL.framework/Versions/A/Libraries/libGFXShared.dylib
0x0000000006397000 	/System/Library/Frameworks/OpenGL.framework/Versions/A/Libraries/libGL.dylib
0x0000000006397000 	/System/Library/Frameworks/OpenGL.framework/Versions/A/Libraries/libGLImage.dylib
0x0000000006397000 	/System/Library/Frameworks/OpenGL.framework/Versions/A/Libraries/libCVMSPluginSupport.dylib
0x0000000006397000 	/System/Library/Frameworks/OpenGL.framework/Versions/A/Libraries/libCoreVMClient.dylib
0x0000000006397000 	/System/Library/PrivateFrameworks/FaceCore.framework/Versions/A/FaceCore
0x0000000006397000 	/System/Library/PrivateFrameworks/CrashReporterSupport.framework/Versions/A/CrashReporterSupport
0x0000000006397000 	/System/Library/Frameworks/OpenCL.framework/Versions/A/OpenCL
0x0000000006397000 	/System/Library/PrivateFrameworks/AppleFSCompression.framework/Versions/A/AppleFSCompression
0x0000000006397000 	/System/Library/PrivateFrameworks/Ubiquity.framework/Versions/A/Ubiquity
0x0000000006397000 	/System/Library/PrivateFrameworks/IconServices.framework/Versions/A/IconServices
0x0000000006397000 	/System/Library/PrivateFrameworks/ChunkingLibrary.framework/Versions/A/ChunkingLibrary
0x0000000006397000 	/System/Library/PrivateFrameworks/CoreSymbolication.framework/Versions/A/CoreSymbolication
0x0000000006397000 	/System/Library/PrivateFrameworks/Symbolication.framework/Versions/A/Symbolication
0x0000000006397000 	/System/Library/PrivateFrameworks/DebugSymbols.framework/Versions/A/DebugSymbols
0x0000000108800000 	/Library/Java/JavaVirtualMachines/jdk1.7.0_21.jdk/Contents/Home/jre/lib/server/libjvm.dylib
0x0000000006397000 	/usr/lib/libstdc++.6.dylib
0x0000000107fd5000 	/Library/Java/JavaVirtualMachines/jdk1.7.0_21.jdk/Contents/Home/jre/lib/libverify.dylib
0x00000001092a9000 	/Library/Java/JavaVirtualMachines/jdk1.7.0_21.jdk/Contents/Home/jre/lib/libjava.dylib
0x00000001092d9000 	/Library/Java/JavaVirtualMachines/jdk1.7.0_21.jdk/Contents/Home/jre/lib/libjdwp.dylib
0x0000000107fe3000 	/Library/Java/JavaVirtualMachines/jdk1.7.0_21.jdk/Contents/Home/jre/lib/./libnpt.dylib
0x0000000107ff0000 	/Library/Java/JavaVirtualMachines/jdk1.7.0_21.jdk/Contents/Home/jre/lib/libzip.dylib
0x000000010cab2000 	/System/Library/Frameworks/JavaVM.framework/Frameworks/JavaRuntimeSupport.framework/JavaRuntimeSupport
0x000000010caca000 	/System/Library/Frameworks/JavaVM.framework/Versions/A/Frameworks/JavaNativeFoundation.framework/Versions/A/JavaNativeFoundation
0x000000010cadf000 	/System/Library/Frameworks/JavaVM.framework/Versions/A/JavaVM
0x0000000006397000 	/System/Library/Frameworks/Carbon.framework/Versions/A/Carbon
0x000000010caec000 	/System/Library/PrivateFrameworks/JavaLaunching.framework/Versions/A/JavaLaunching
0x0000000006397000 	/System/Library/Frameworks/Carbon.framework/Versions/A/Frameworks/CommonPanels.framework/Versions/A/CommonPanels
0x0000000006397000 	/System/Library/Frameworks/Carbon.framework/Versions/A/Frameworks/Help.framework/Versions/A/Help
0x0000000006397000 	/System/Library/Frameworks/Carbon.framework/Versions/A/Frameworks/ImageCapture.framework/Versions/A/ImageCapture
0x0000000006397000 	/System/Library/Frameworks/Carbon.framework/Versions/A/Frameworks/OpenScripting.framework/Versions/A/OpenScripting
0x0000000006397000 	/System/Library/Frameworks/Carbon.framework/Versions/A/Frameworks/Print.framework/Versions/A/Print
0x0000000006397000 	/System/Library/Frameworks/Carbon.framework/Versions/A/Frameworks/SecurityHI.framework/Versions/A/SecurityHI
0x000000010cd01000 	/Library/Java/JavaVirtualMachines/jdk1.7.0_21.jdk/Contents/Home/jre/lib/libdt_socket.dylib

VM Arguments:
jvm_args: -agentlib:jdwp=transport=dt_socket,address=127.0.0.1:49849,suspend=y,server=n -Dfile.encoding=UTF-8 
java_command: Main
Launcher Type: SUN_STANDARD

Environment Variables:
PATH=/usr/local/opt/coreutils/libexec/gnubin:/usr/bin:/bin:/usr/sbin:/sbin:/usr/local/bin:/opt/X11/bin:/usr/local/go/bin:/usr/texbin
SHELL=/bin/bash
DISPLAY=/tmp/launch-olClaE/org.macosforge.xquartz:0

Signal Handlers:
SIGSEGV: [libjvm.dylib+0x4a4e2d], sa_mask[0]=0xfffefeff, sa_flags=0x00000042
SIGBUS: [libjvm.dylib+0x4a4e2d], sa_mask[0]=0xfffefeff, sa_flags=0x00000042
SIGFPE: [libjvm.dylib+0x3b4729], sa_mask[0]=0xfffefeff, sa_flags=0x00000042
SIGPIPE: [libjvm.dylib+0x3b4729], sa_mask[0]=0xfffefeff, sa_flags=0x00000042
SIGXFSZ: [libjvm.dylib+0x3b4729], sa_mask[0]=0xfffefeff, sa_flags=0x00000042
SIGILL: [libjvm.dylib+0x3b4729], sa_mask[0]=0xfffefeff, sa_flags=0x00000042
SIGUSR1: SIG_DFL, sa_mask[0]=0x00000000, sa_flags=0x00000002
SIGUSR2: [libjvm.dylib+0x3b42c2], sa_mask[0]=0x00000004, sa_flags=0x00000042
SIGHUP: [libjvm.dylib+0x3b2523], sa_mask[0]=0xfffefeff, sa_flags=0x00000042
SIGINT: [libjvm.dylib+0x3b2523], sa_mask[0]=0xfffefeff, sa_flags=0x00000042
SIGTERM: [libjvm.dylib+0x3b2523], sa_mask[0]=0xfffefeff, sa_flags=0x00000042
SIGQUIT: [libjvm.dylib+0x3b2523], sa_mask[0]=0xfffefeff, sa_flags=0x00000042


---------------  S Y S T E M  ---------------

OS:Bsduname:Darwin 13.0.0 Darwin Kernel Version 13.0.0: Thu Sep 19 22:22:27 PDT 2013; root:xnu-2422.1.72~6/RELEASE_X86_64 x86_64
rlimit: STACK 8192k, CORE 0k, NPROC 709, NOFILE 10240, AS infinity
load average:2.70 1.99 1.63

CPU:total 4 (2 cores per cpu, 2 threads per core) family 6 model 58 stepping 9, cmov, cx8, fxsr, mmx, sse, sse2, sse3, ssse3, sse4.1, sse4.2, popcnt, avx, ht, tsc, tscinvbit, tscinv

Memory: 4k page, physical 1236872k(309218k free)

/proc/meminfo:


vm_info: Java HotSpot(TM) 64-Bit Server VM (23.21-b01) for bsd-amd64 JRE (1.7.0_21-b12), built on Apr  7 2013 14:55:50 by "java_re" with gcc 4.2.1 (Based on Apple Inc. build 5658) (LLVM build 2336.11.00)

time: Tue Jan 28 11:22:17 2014
elapsed time: 40 seconds

